Day 1
Time is now 08:00 AM
The Zookeeper, Zara arrived at the zoo on Day 1.
The ZooAnnouncer, Zoe arrived at the zoo on Day 1.
The ZooFoodServer, Zac arrived at the zoo on Day 1.
Time is now 09:00 AM
Hi, this is the Zoo Announcer. The Zookeeper is about to wake the animals!
Caitlin the Cat woke up.
Paige the Panther woke up.
Hallie the Hippo woke up.
Hanna the Hawk woke up and flew away.
Daisy the Dog woke up.
Eden the Elephant woke up.
Olivia the Owl woke up and flew away.
Wendy the Wolf woke up.
Lacey the Lion woke up.
Taylor the Tiger woke up.
Pamela the Parrot woke up and flew away.
Rachael the Rhino woke up.
Hi, this is the Zoo Announcer. The Zookeeper is about to perform a roll call on the animals!
Caitlin the Cat is here.
Paige the Panther is here.
Hallie the Hippo is here.
Hanna the Hawk is here.
Daisy the Dog is here.
Eden the Elephant is here.
Olivia the Owl is here.
Wendy the Wolf is here.
Lacey the Lion is here.
Taylor the Tiger is here.
Pamela the Parrot is here.
Rachael the Rhino is here.
Time is now 10:00 AM
Time is now 11:00 AM
Food server is making food.
Time is now 12:00 PM
Food server served Lunch
Hi, this is the Zoo Announcer. The food server just served Lunch
Time is now 01:00 PM
Caitlin the Cat was fed.
Paige the Panther was fed.
Hallie the Hippo was fed.
Hanna the Hawk was fed.
Daisy the Dog was fed.
Eden the Elephant slowly ate.
Olivia the Owl was fed.
Wendy the Wolf was fed.
Lacey the Lion was fed.
Taylor the Tiger was fed.
Pamela the Parrot was fed.
Rachael the Rhino was fed.
Food server cleaned.
Time is now 02:00 PM
Time is now 03:00 PM
Time is now 04:00 PM
Hi, this is the Zoo Announcer. The Zookeeper is about to make the animals exercise!
Caitlin the Cat prowled.
Paige the Panther prowled.
Hallie the Hippo charged.
Hanna the Hawk roamed.
Daisy the Dog roamed.
Eden the Elephant roamed.
Olivia the Owl roamed.
Wendy the Wolf roamed.
Lacey the Lion prowled.
Taylor the Tiger prowled.
Pamela the Parrot roamed.
Rachael the Rhino roamed.
Food server is making food.
Time is now 05:00 PM
Food server served Dinner
Hi, this is the Zoo Announcer. The food server just served Dinner
Time is now 06:00 PM
Food server cleaned.
Time is now 07:00 PM
Hi, this is the Zoo Announcer. The Zookeeper is about to put the animals to sleep!
Caitlin the Cat went to sleep
Paige the Panther went to sleep
Hallie the Hippo went to sleep
Hanna the Hawk went to sleep
Daisy the Dog went to sleep
Eden the Elephant went to sleep
Olivia the Owl went to sleep
Wendy the Wolf went to sleep
Lacey the Lion purred.
Taylor the Tiger went to sleep
Pamela the Parrot went to sleep
Rachael the Rhino went to sleep
Time is now 08:00 PM
The Zookeeper, Zara departed the zoo.
The ZooAnnouncer, Zoe departed the zoo.
The ZooFoodServer, Zac departed the zoo.
#########################
#########################
Day 2
Time is now 08:00 AM
The Zookeeper, Zara arrived at the zoo on Day 2.
The ZooAnnouncer, Zoe arrived at the zoo on Day 2.
The ZooFoodServer, Zac arrived at the zoo on Day 2.
Time is now 09:00 AM
Hi, this is the Zoo Announcer. The Zookeeper is about to wake the animals!
Caitlin the Cat woke up.
Paige the Panther woke up.
Hallie the Hippo woke up.
Hanna the Hawk woke up and flew away.
Daisy the Dog woke up.
Eden the Elephant woke up.
Olivia the Owl woke up and flew away.
Wendy the Wolf woke up.
Lacey the Lion woke up.
Taylor the Tiger woke up.
Pamela the Parrot woke up and flew away.
Rachael the Rhino woke up.
Hi, this is the Zoo Announcer. The Zookeeper is about to perform a roll call on the animals!
Caitlin the Cat is here.
Paige the Panther is here.
Hallie the Hippo is here.
Hanna the Hawk is here.
Daisy the Dog is here.
Eden the Elephant is here.
Olivia the Owl is here.
Wendy the Wolf is here.
Lacey the Lion is here.
Taylor the Tiger is here.
Pamela the Parrot is here.
Rachael the Rhino is here.
Time is now 10:00 AM
Time is now 11:00 AM
Food server is making food.
Time is now 12:00 PM
Food server served Lunch
Hi, this is the Zoo Announcer. The food server just served Lunch
Time is now 01:00 PM
Caitlin the Cat was fed.
Paige the Panther was fed.
Hallie the Hippo was fed.
Hanna the Hawk was fed.
Daisy the Dog was fed.
Eden the Elephant slowly ate.
Olivia the Owl was fed.
Wendy the Wolf was fed.
Lacey the Lion was fed.
Taylor the Tiger was fed.
Pamela the Parrot was fed.
Rachael the Rhino was fed.
Food server cleaned.
Time is now 02:00 PM
Time is now 03:00 PM
Time is now 04:00 PM
Hi, this is the Zoo Announcer. The Zookeeper is about to make the animals exercise!
Caitlin the Cat prowled.
Paige the Panther prowled.
Hallie the Hippo charged.
Hanna the Hawk roamed.
Daisy the Dog roamed.
Eden the Elephant charged.
Olivia the Owl roamed.
Wendy the Wolf roamed.
Lacey the Lion prowled.
Taylor the Tiger prowled.
Pamela the Parrot roamed.
Rachael the Rhino roamed.
Food server is making food.
Time is now 05:00 PM
Food server served Dinner
Hi, this is the Zoo Announcer. The food server just served Dinner
Time is now 06:00 PM
Food server cleaned.
Time is now 07:00 PM
Hi, this is the Zoo Announcer. The Zookeeper is about to put the animals to sleep!
Caitlin the Cat went to sleep
Paige the Panther prowled.
Hallie the Hippo went to sleep
Hanna the Hawk went to sleep
Daisy the Dog went to sleep
Eden the Elephant went to sleep
Olivia the Owl went to sleep
Wendy the Wolf went to sleep
Lacey the Lion went to sleep
Taylor the Tiger went to sleep
Pamela the Parrot went to sleep
Rachael the Rhino went to sleep
Time is now 08:00 PM
The Zookeeper, Zara departed the zoo.
The ZooAnnouncer, Zoe departed the zoo.
The ZooFoodServer, Zac departed the zoo.
#########################
#########################
